<?xml version="1.0" encoding="UTF-8"?>
<testng-results ignored="0" total="1" passed="1" failed="0" skipped="0">
  <reporter-output>
  </reporter-output>
  <suite started-at="2022-10-09T20:19:56 IST" name="Default suite" finished-at="2022-10-09T20:20:06 IST" duration-ms="10020">
    <groups>
    </groups>
    <test started-at="2022-10-09T20:19:56 IST" name="Default test" finished-at="2022-10-09T20:20:06 IST" duration-ms="10020">
      <class name="com.facebook_project.TestNg_Facebook">
        <test-method is-config="true" signature="browerlaunch()[pri:0, instance:com.facebook_project.TestNg_Facebook@783a467b]" started-at="2022-10-09T20:19:56 IST" name="browerlaunch" finished-at="2022-10-09T20:20:03 IST" duration-ms="7176" status="PASS">
          <reporter-output>
          </reporter-output>
        </test-method> <!-- browerlaunch -->
        <test-method signature="signup(java.lang.String,java.lang.String)[pri:0, instance:com.facebook_project.TestNg_Facebook@783a467b]" started-at="2022-10-09T20:20:03 IST" name="signup" data-provider="LoginPage" finished-at="2022-10-09T20:20:06 IST" duration-ms="2461" status="PASS">
          <params>
            <param index="0">
              <value>
                <![CDATA[mail2nandh@gmail.com]]>
              </value>
            </param>
            <param index="1">
              <value>
                <![CDATA[nandhaa]]>
              </value>
            </param>
          </params>
          <reporter-output>
          </reporter-output>
        </test-method> <!-- signup -->
        <test-method is-config="true" signature="teatdown()[pri:0, instance:com.facebook_project.TestNg_Facebook@783a467b]" started-at="2022-10-09T20:20:06 IST" name="teatdown" finished-at="2022-10-09T20:20:06 IST" duration-ms="269" status="PASS">
          <reporter-output>
          </reporter-output>
        </test-method> <!-- teatdown -->
      </class> <!-- com.facebook_project.TestNg_Facebook -->
    </test> <!-- Default test -->
  </suite> <!-- Default suite -->
</testng-results>
